2024-05-30 19:12:58 0 [Note] Starting MariaDB 10.4.32-MariaDB source revision c4143f909528e3fab0677a28631d10389354c491 as process 7592
2024-05-30 19:12:58 0 [Note] InnoDB: Mutexes and rw_locks use Windows interlocked functions
2024-05-30 19:12:58 0 [Note] InnoDB: Uses event mutexes
2024-05-30 19:12:58 0 [Note] InnoDB: Compressed tables use zlib 1.3
2024-05-30 19:12:58 0 [Note] InnoDB: Number of pools: 1
2024-05-30 19:12:58 0 [Note] InnoDB: Using SSE2 crc32 instructions
2024-05-30 19:12:58 0 [Note] InnoDB: Initializing buffer pool, total size = 16M, instances = 1, chunk size = 16M
2024-05-30 19:12:58 0 [Note] InnoDB: Completed initialization of buffer pool
2024-05-30 19:12:58 0 [Note] InnoDB: Starting crash recovery from checkpoint LSN=300288
2024-05-30 19:12:58 0 [Note] InnoDB: 128 out of 128 rollback segments are active.
2024-05-30 19:12:58 0 [Note] InnoDB: Removed temporary tablespace data file: "ibtmp1"
2024-05-30 19:12:58 0 [Note] InnoDB: Creating shared tablespace for temporary tables
2024-05-30 19:12:58 0 [Note] InnoDB: Setting file 'D:\Xampp\mysql\data\ibtmp1' size to 12 MB. Physically writing the file full; Please wait ...
2024-05-30 19:12:58 0 [Note] InnoDB: File 'D:\Xampp\mysql\data\ibtmp1' size is now 12 MB.
2024-05-30 19:12:58 0 [Note] InnoDB: Waiting for purge to start
2024-05-30 19:12:58 0 [Note] InnoDB: 10.4.32 started; log sequence number 300297; transaction id 170
2024-05-30 19:12:58 0 [Note] InnoDB: Loading buffer pool(s) from D:\Xampp\mysql\data\ib_buffer_pool
2024-05-30 19:12:58 0 [Note] Plugin 'FEEDBACK' is disabled.
2024-05-30 19:12:58 0 [Note] Server socket created on IP: '::'.
2024-06-06 18:50:19 0 [Note] Starting MariaDB 10.4.32-MariaDB source revision c4143f909528e3fab0677a28631d10389354c491 as process 4112
2024-06-06 18:50:19 0 [Note] mysqld.exe: Aria engine: starting recovery
recovered pages: 0% 14% 25% 36% 46% 57% 67% 78% 88% 99% 100% (0.0 seconds); tables to flush: 1 0
 (0.0 seconds); 
2024-06-06 18:50:19 0 [Note] mysqld.exe: Aria engine: recovery done
2024-06-06 18:50:19 0 [Note] InnoDB: Mutexes and rw_locks use Windows interlocked functions
2024-06-06 18:50:19 0 [Note] InnoDB: Uses event mutexes
2024-06-06 18:50:19 0 [Note] InnoDB: Compressed tables use zlib 1.3
2024-06-06 18:50:19 0 [Note] InnoDB: Number of pools: 1
2024-06-06 18:50:19 0 [Note] InnoDB: Using SSE2 crc32 instructions
2024-06-06 18:50:19 0 [Note] InnoDB: Initializing buffer pool, total size = 16M, instances = 1, chunk size = 16M
2024-06-06 18:50:19 0 [Note] InnoDB: Completed initialization of buffer pool
2024-06-06 18:50:19 0 [Note] InnoDB: Starting crash recovery from checkpoint LSN=344947
2024-06-06 18:50:20 0 [Note] InnoDB: 128 out of 128 rollback segments are active.
2024-06-06 18:50:20 0 [Note] InnoDB: Removed temporary tablespace data file: "ibtmp1"
2024-06-06 18:50:20 0 [Note] InnoDB: Creating shared tablespace for temporary tables
2024-06-06 18:50:20 0 [Note] InnoDB: Setting file 'D:\Xampp\mysql\data\ibtmp1' size to 12 MB. Physically writing the file full; Please wait ...
2024-06-06 18:50:20 0 [Note] InnoDB: File 'D:\Xampp\mysql\data\ibtmp1' size is now 12 MB.
2024-06-06 18:50:20 0 [Note] InnoDB: Waiting for purge to start
2024-06-06 18:50:20 0 [Note] InnoDB: 10.4.32 started; log sequence number 344956; transaction id 275
2024-06-06 18:50:20 0 [Note] InnoDB: Loading buffer pool(s) from D:\Xampp\mysql\data\ib_buffer_pool
2024-06-06 18:50:20 0 [Note] Plugin 'FEEDBACK' is disabled.
2024-06-06 18:50:20 0 [Note] InnoDB: Buffer pool(s) load completed at 240606 18:50:20
2024-06-06 18:50:20 0 [Note] Server socket created on IP: '::'.
2024-06-18 16:51:21 0 [Note] Starting MariaDB 10.4.32-MariaDB source revision c4143f909528e3fab0677a28631d10389354c491 as process 38940
2024-06-18 16:51:21 0 [Note] InnoDB: Mutexes and rw_locks use Windows interlocked functions
2024-06-18 16:51:21 0 [Note] InnoDB: Uses event mutexes
2024-06-18 16:51:21 0 [Note] InnoDB: Compressed tables use zlib 1.3
2024-06-18 16:51:21 0 [Note] InnoDB: Number of pools: 1
2024-06-18 16:51:21 0 [Note] InnoDB: Using SSE2 crc32 instructions
2024-06-18 16:51:21 0 [Note] InnoDB: Initializing buffer pool, total size = 16M, instances = 1, chunk size = 16M
2024-06-18 16:51:21 0 [Note] InnoDB: Completed initialization of buffer pool
2024-06-18 16:51:21 0 [Note] InnoDB: Starting crash recovery from checkpoint LSN=358766
2024-06-18 16:51:21 0 [Note] InnoDB: 128 out of 128 rollback segments are active.
2024-06-18 16:51:21 0 [Note] InnoDB: Removed temporary tablespace data file: "ibtmp1"
2024-06-18 16:51:21 0 [Note] InnoDB: Creating shared tablespace for temporary tables
2024-06-18 16:51:21 0 [Note] InnoDB: Setting file 'D:\Xampp\mysql\data\ibtmp1' size to 12 MB. Physically writing the file full; Please wait ...
2024-06-18 16:51:21 0 [Note] InnoDB: File 'D:\Xampp\mysql\data\ibtmp1' size is now 12 MB.
2024-06-18 16:51:21 0 [Note] InnoDB: Waiting for purge to start
2024-06-18 16:51:21 0 [Note] InnoDB: 10.4.32 started; log sequence number 358775; transaction id 348
2024-06-18 16:51:21 0 [Note] InnoDB: Loading buffer pool(s) from D:\Xampp\mysql\data\ib_buffer_pool
2024-06-18 16:51:21 0 [Note] Plugin 'FEEDBACK' is disabled.
2024-06-18 16:51:21 0 [Note] InnoDB: Buffer pool(s) load completed at 240618 16:51:21
2024-06-18 16:51:21 0 [Note] Server socket created on IP: '::'.
2024-07-04 18:07:14 0 [Note] Starting MariaDB 10.4.32-MariaDB source revision c4143f909528e3fab0677a28631d10389354c491 as process 28992
2024-07-04 18:07:14 0 [Note] mysqld.exe: Aria engine: starting recovery
tables to flush: 1 0
 (0.0 seconds); 
2024-07-04 18:07:14 0 [Note] mysqld.exe: Aria engine: recovery done
2024-07-04 18:07:14 0 [Note] InnoDB: Mutexes and rw_locks use Windows interlocked functions
2024-07-04 18:07:14 0 [Note] InnoDB: Uses event mutexes
2024-07-04 18:07:14 0 [Note] InnoDB: Compressed tables use zlib 1.3
2024-07-04 18:07:14 0 [Note] InnoDB: Number of pools: 1
2024-07-04 18:07:14 0 [Note] InnoDB: Using SSE2 crc32 instructions
2024-07-04 18:07:14 0 [Note] InnoDB: Initializing buffer pool, total size = 16M, instances = 1, chunk size = 16M
2024-07-04 18:07:14 0 [Note] InnoDB: Completed initialization of buffer pool
2024-07-04 18:07:14 0 [Note] InnoDB: Starting crash recovery from checkpoint LSN=399347
2024-07-04 18:07:14 0 [Note] InnoDB: 128 out of 128 rollback segments are active.
2024-07-04 18:07:14 0 [Note] InnoDB: Removed temporary tablespace data file: "ibtmp1"
2024-07-04 18:07:14 0 [Note] InnoDB: Creating shared tablespace for temporary tables
2024-07-04 18:07:14 0 [Note] InnoDB: Setting file 'D:\Xampp\mysql\data\ibtmp1' size to 12 MB. Physically writing the file full; Please wait ...
2024-07-04 18:07:14 0 [Note] InnoDB: File 'D:\Xampp\mysql\data\ibtmp1' size is now 12 MB.
2024-07-04 18:07:14 0 [Note] InnoDB: Waiting for purge to start
2024-07-04 18:07:14 0 [Note] InnoDB: 10.4.32 started; log sequence number 399372; transaction id 484
2024-07-04 18:07:14 0 [Note] InnoDB: Loading buffer pool(s) from D:\Xampp\mysql\data\ib_buffer_pool
2024-07-04 18:07:14 0 [Note] Plugin 'FEEDBACK' is disabled.
2024-07-04 18:07:14 0 [Note] InnoDB: Buffer pool(s) load completed at 240704 18:07:14
2024-07-04 18:07:14 0 [Note] Server socket created on IP: '::'.
