[Thu May 30 18:58:42.791423 2024] [ssl:warn] [pid 11588:tid 428] AH01909: www.example.com:443:0 server certificate does NOT include an ID which matches the server name
[Thu May 30 18:58:42.814362 2024] [ssl:warn] [pid 11588:tid 428] AH01909: www.example.com:443:0 server certificate does NOT include an ID which matches the server name
[Thu May 30 18:58:42.846277 2024] [mpm_winnt:notice] [pid 11588:tid 428] AH00455: Apache/2.4.58 (Win64) OpenSSL/3.1.3 PHP/8.2.12 configured -- resuming normal operations
[Thu May 30 18:58:42.846277 2024] [mpm_winnt:notice] [pid 11588:tid 428] AH00456: Apache Lounge VS17 Server built: Oct 18 2023 13:03:18
[Thu May 30 18:58:42.846277 2024] [core:notice] [pid 11588:tid 428] AH00094: Command line: 'D:\\Xampp\\apache\\bin\\httpd.exe -d D:/Xampp/apache'
[Thu May 30 18:58:42.849269 2024] [mpm_winnt:notice] [pid 11588:tid 428] AH00418: Parent: Created child process 36028
[Thu May 30 18:58:43.134505 2024] [ssl:warn] [pid 36028:tid 444] AH01909: www.example.com:443:0 server certificate does NOT include an ID which matches the server name
[Thu May 30 18:58:43.155449 2024] [ssl:warn] [pid 36028:tid 444] AH01909: www.example.com:443:0 server certificate does NOT include an ID which matches the server name
[Thu May 30 18:58:43.184372 2024] [mpm_winnt:notice] [pid 36028:tid 444] AH00354: Child: Starting 150 worker threads.
[Thu May 30 19:12:57.777322 2024] [ssl:warn] [pid 4420:tid 452] AH01909: www.example.com:443:0 server certificate does NOT include an ID which matches the server name
[Thu May 30 19:12:57.800702 2024] [ssl:warn] [pid 4420:tid 452] AH01909: www.example.com:443:0 server certificate does NOT include an ID which matches the server name
[Thu May 30 19:12:57.827635 2024] [mpm_winnt:notice] [pid 4420:tid 452] AH00455: Apache/2.4.58 (Win64) OpenSSL/3.1.3 PHP/8.2.12 configured -- resuming normal operations
[Thu May 30 19:12:57.827635 2024] [mpm_winnt:notice] [pid 4420:tid 452] AH00456: Apache Lounge VS17 Server built: Oct 18 2023 13:03:18
[Thu May 30 19:12:57.827635 2024] [core:notice] [pid 4420:tid 452] AH00094: Command line: 'd:\\xampp\\apache\\bin\\httpd.exe -d D:/Xampp/apache'
[Thu May 30 19:12:57.830626 2024] [mpm_winnt:notice] [pid 4420:tid 452] AH00418: Parent: Created child process 14560
[Thu May 30 19:12:58.106018 2024] [ssl:warn] [pid 14560:tid 456] AH01909: www.example.com:443:0 server certificate does NOT include an ID which matches the server name
[Thu May 30 19:12:58.127961 2024] [ssl:warn] [pid 14560:tid 456] AH01909: www.example.com:443:0 server certificate does NOT include an ID which matches the server name
[Thu May 30 19:12:58.154892 2024] [mpm_winnt:notice] [pid 14560:tid 456] AH00354: Child: Starting 150 worker threads.
[Thu May 30 23:21:37.537662 2024] [php:error] [pid 14560:tid 1872] [client ::1:63157] PHP Fatal error:  Uncaught mysqli_sql_exception: Duplicate entry '1321' for key 'PRIMARY' in D:\\Xampp\\htdocs\\LoginConection.php:20\nStack trace:\n#0 D:\\Xampp\\htdocs\\LoginConection.php(20): mysqli->query('INSERT INTO log...')\n#1 {main}\n  thrown in D:\\Xampp\\htdocs\\LoginConection.php on line 20
[Thu May 30 23:21:52.690265 2024] [php:warn] [pid 14560:tid 1868] [client ::1:63158] PHP Warning:  Undefined variable $sql in D:\\Xampp\\htdocs\\LoginConection.php on line 20
[Thu May 30 23:21:52.690265 2024] [php:error] [pid 14560:tid 1868] [client ::1:63158] PHP Fatal error:  Uncaught ValueError: mysqli::query(): Argument #1 ($query) cannot be empty in D:\\Xampp\\htdocs\\LoginConection.php:20\nStack trace:\n#0 D:\\Xampp\\htdocs\\LoginConection.php(20): mysqli->query('')\n#1 {main}\n  thrown in D:\\Xampp\\htdocs\\LoginConection.php on line 20
[Thu May 30 23:23:22.857035 2024] [php:error] [pid 14560:tid 1872] [client ::1:63210] PHP Fatal error:  Uncaught Error: mysqli object is already closed in D:\\Xampp\\htdocs\\ReadLogin.php:6\nStack trace:\n#0 D:\\Xampp\\htdocs\\ReadLogin.php(6): mysqli->query('SELECT id, usua...')\n#1 {main}\n  thrown in D:\\Xampp\\htdocs\\ReadLogin.php on line 6
[Thu May 30 23:24:53.721943 2024] [php:error] [pid 14560:tid 1868] [client ::1:63266] PHP Fatal error:  Uncaught Error: mysqli object is already closed in D:\\Xampp\\htdocs\\ReadLogin.php:6\nStack trace:\n#0 D:\\Xampp\\htdocs\\ReadLogin.php(6): mysqli->query('INSERT INTO gam...')\n#1 {main}\n  thrown in D:\\Xampp\\htdocs\\ReadLogin.php on line 6
[Thu May 30 23:25:18.554607 2024] [php:error] [pid 14560:tid 1872] [client ::1:63267] PHP Parse error:  syntax error, unexpected token "<", expecting end of file in D:\\Xampp\\htdocs\\LoginConection.php on line 28
[Thu May 30 23:29:03.449990 2024] [php:error] [pid 14560:tid 1868] [client ::1:63483] script 'D:/Xampp/htdocs/ReadLogin.php' not found or unable to stat
[Thu May 30 23:33:14.559054 2024] [php:error] [pid 14560:tid 1872] [client ::1:65012] script 'D:/Xampp/htdocs/ReadLogin.php' not found or unable to stat
[Thu May 30 23:33:16.720396 2024] [php:error] [pid 14560:tid 1872] [client ::1:65012] script 'D:/Xampp/htdocs/ReadLogin.php' not found or unable to stat
[Thu May 30 23:33:17.602232 2024] [php:error] [pid 14560:tid 1872] [client ::1:65012] script 'D:/Xampp/htdocs/ReadLogin.php' not found or unable to stat
[Thu May 30 23:34:53.878195 2024] [php:error] [pid 14560:tid 1868] [client ::1:65238] PHP Fatal error:  Uncaught mysqli_sql_exception: Duplicate entry '1232' for key 'PRIMARY' in D:\\Xampp\\htdocs\\LoginConection.php:20\nStack trace:\n#0 D:\\Xampp\\htdocs\\LoginConection.php(20): mysqli->query('INSERT INTO log...')\n#1 D:\\Xampp\\htdocs\\LoginConection.php(65): createRecord(Object(mysqli))\n#2 {main}\n  thrown in D:\\Xampp\\htdocs\\LoginConection.php on line 20, referer: http://localhost/LoginConection.php
[Thu May 30 23:34:57.490988 2024] [php:error] [pid 14560:tid 1868] [client ::1:65238] PHP Fatal error:  Uncaught mysqli_sql_exception: Duplicate entry '1232' for key 'PRIMARY' in D:\\Xampp\\htdocs\\LoginConection.php:20\nStack trace:\n#0 D:\\Xampp\\htdocs\\LoginConection.php(20): mysqli->query('INSERT INTO log...')\n#1 D:\\Xampp\\htdocs\\LoginConection.php(65): createRecord(Object(mysqli))\n#2 {main}\n  thrown in D:\\Xampp\\htdocs\\LoginConection.php on line 20, referer: http://localhost/LoginConection.php
[Thu May 30 23:35:33.076935 2024] [php:error] [pid 14560:tid 1872] [client ::1:65251] PHP Fatal error:  Uncaught mysqli_sql_exception: Duplicate entry '1232' for key 'PRIMARY' in D:\\Xampp\\htdocs\\LoginConection.php:20\nStack trace:\n#0 D:\\Xampp\\htdocs\\LoginConection.php(20): mysqli->query('INSERT INTO log...')\n#1 D:\\Xampp\\htdocs\\LoginConection.php(65): createRecord(Object(mysqli))\n#2 {main}\n  thrown in D:\\Xampp\\htdocs\\LoginConection.php on line 20, referer: http://localhost/LoginConection.php
[Thu Jun 06 18:50:19.564166 2024] [ssl:warn] [pid 13476:tid 148] AH01909: www.example.com:443:0 server certificate does NOT include an ID which matches the server name
[Thu Jun 06 18:50:19.584112 2024] [core:warn] [pid 13476:tid 148] AH00098: pid file D:/Xampp/apache/logs/httpd.pid overwritten -- Unclean shutdown of previous Apache run?
[Thu Jun 06 18:50:19.585109 2024] [ssl:warn] [pid 13476:tid 148] AH01909: www.example.com:443:0 server certificate does NOT include an ID which matches the server name
[Thu Jun 06 18:50:19.835503 2024] [mpm_winnt:notice] [pid 13476:tid 148] AH00455: Apache/2.4.58 (Win64) OpenSSL/3.1.3 PHP/8.2.12 configured -- resuming normal operations
[Thu Jun 06 18:50:19.835503 2024] [mpm_winnt:notice] [pid 13476:tid 148] AH00456: Apache Lounge VS17 Server built: Oct 18 2023 13:03:18
[Thu Jun 06 18:50:19.835503 2024] [core:notice] [pid 13476:tid 148] AH00094: Command line: 'd:\\xampp\\apache\\bin\\httpd.exe -d D:/Xampp/apache'
[Thu Jun 06 18:50:19.838495 2024] [mpm_winnt:notice] [pid 13476:tid 148] AH00418: Parent: Created child process 43820
[Thu Jun 06 18:50:20.031502 2024] [ssl:warn] [pid 43820:tid 428] AH01909: www.example.com:443:0 server certificate does NOT include an ID which matches the server name
[Thu Jun 06 18:50:20.050454 2024] [ssl:warn] [pid 43820:tid 428] AH01909: www.example.com:443:0 server certificate does NOT include an ID which matches the server name
[Thu Jun 06 18:50:20.076382 2024] [mpm_winnt:notice] [pid 43820:tid 428] AH00354: Child: Starting 150 worker threads.
[Thu Jun 06 19:12:09.683668 2024] [php:error] [pid 43820:tid 1856] [client ::1:65376] PHP Fatal error:  Uncaught ArgumentCountError: The number of variables must match the number of parameters in the prepared statement in D:\\Xampp\\htdocs\\CRUD.php:44\nStack trace:\n#0 D:\\Xampp\\htdocs\\CRUD.php(44): mysqli_stmt->bind_param('sss', 'guasaFeik', 'guasaFeik123', 'Raz')\n#1 {main}\n  thrown in D:\\Xampp\\htdocs\\CRUD.php on line 44
[Thu Jun 06 19:14:06.589437 2024] [php:error] [pid 43820:tid 1856] [client ::1:65448] PHP Fatal error:  Uncaught mysqli_sql_exception: Incorrect number of arguments for PROCEDURE login.ActualizarLogin; expected 4, got 3 in D:\\Xampp\\htdocs\\CRUD.php:102\nStack trace:\n#0 D:\\Xampp\\htdocs\\CRUD.php(102): mysqli_stmt->execute()\n#1 {main}\n  thrown in D:\\Xampp\\htdocs\\CRUD.php on line 102
[Thu Jun 06 19:16:34.445529 2024] [php:error] [pid 43820:tid 1856] [client ::1:49175] PHP Fatal error:  Uncaught mysqli_sql_exception: Cannot delete or update a parent row: a foreign key constraint fails (`login`.`game`, CONSTRAINT `game_ibfk_1` FOREIGN KEY (`userid`) REFERENCES `login` (`id`)) in D:\\Xampp\\htdocs\\CRUD.php:129\nStack trace:\n#0 D:\\Xampp\\htdocs\\CRUD.php(129): mysqli_stmt->execute()\n#1 {main}\n  thrown in D:\\Xampp\\htdocs\\CRUD.php on line 129
[Tue Jun 18 16:51:21.038436 2024] [ssl:warn] [pid 35468:tid 424] AH01909: www.example.com:443:0 server certificate does NOT include an ID which matches the server name
[Tue Jun 18 16:51:21.060764 2024] [core:warn] [pid 35468:tid 424] AH00098: pid file D:/Xampp/apache/logs/httpd.pid overwritten -- Unclean shutdown of previous Apache run?
[Tue Jun 18 16:51:21.062759 2024] [ssl:warn] [pid 35468:tid 424] AH01909: www.example.com:443:0 server certificate does NOT include an ID which matches the server name
[Tue Jun 18 16:51:21.319866 2024] [mpm_winnt:notice] [pid 35468:tid 424] AH00455: Apache/2.4.58 (Win64) OpenSSL/3.1.3 PHP/8.2.12 configured -- resuming normal operations
[Tue Jun 18 16:51:21.319866 2024] [mpm_winnt:notice] [pid 35468:tid 424] AH00456: Apache Lounge VS17 Server built: Oct 18 2023 13:03:18
[Tue Jun 18 16:51:21.319866 2024] [core:notice] [pid 35468:tid 424] AH00094: Command line: 'd:\\xampp\\apache\\bin\\httpd.exe -d D:/Xampp/apache'
[Tue Jun 18 16:51:21.321804 2024] [mpm_winnt:notice] [pid 35468:tid 424] AH00418: Parent: Created child process 27076
[Tue Jun 18 16:51:21.529083 2024] [ssl:warn] [pid 27076:tid 428] AH01909: www.example.com:443:0 server certificate does NOT include an ID which matches the server name
[Tue Jun 18 16:51:21.549590 2024] [ssl:warn] [pid 27076:tid 428] AH01909: www.example.com:443:0 server certificate does NOT include an ID which matches the server name
[Tue Jun 18 16:51:21.575695 2024] [mpm_winnt:notice] [pid 27076:tid 428] AH00354: Child: Starting 150 worker threads.
[Tue Jun 18 17:21:29.477243 2024] [php:error] [pid 27076:tid 1824] [client 127.0.0.1:53799] script 'D:/Xampp/htdocs/insertar_usuario.php' not found or unable to stat
[Tue Jun 18 17:23:45.645185 2024] [php:error] [pid 27076:tid 1824] [client 127.0.0.1:53872] script 'D:/Xampp/htdocs/insertar_usuario.php' not found or unable to stat
[Tue Jun 18 17:54:35.095962 2024] [php:error] [pid 27076:tid 1844] [client ::1:56172] PHP Fatal error:  Uncaught mysqli_sql_exception: PROCEDURE login.InsertUser does not exist in D:\\Xampp\\htdocs\\InsertarUsuario.php:23\nStack trace:\n#0 D:\\Xampp\\htdocs\\InsertarUsuario.php(23): mysqli_stmt->execute()\n#1 {main}\n  thrown in D:\\Xampp\\htdocs\\InsertarUsuario.php on line 23
[Tue Jun 18 17:56:11.239374 2024] [php:error] [pid 27076:tid 1852] [client ::1:56259] PHP Fatal error:  Uncaught mysqli_sql_exception: PROCEDURE login.InsertUser does not exist in D:\\Xampp\\htdocs\\InsertarUsuario.php:23\nStack trace:\n#0 D:\\Xampp\\htdocs\\InsertarUsuario.php(23): mysqli_stmt->execute()\n#1 {main}\n  thrown in D:\\Xampp\\htdocs\\InsertarUsuario.php on line 23
[Tue Jun 18 18:55:47.783660 2024] [php:error] [pid 27076:tid 1804] [client 127.0.0.1:59374] PHP Fatal error:  Uncaught mysqli_sql_exception: Duplicate entry 'marco' for key 'Username' in D:\\Xampp\\htdocs\\InsertarUsuario.php:23\nStack trace:\n#0 D:\\Xampp\\htdocs\\InsertarUsuario.php(23): mysqli_stmt->execute()\n#1 {main}\n  thrown in D:\\Xampp\\htdocs\\InsertarUsuario.php on line 23
[Tue Jun 18 18:56:41.392702 2024] [php:error] [pid 27076:tid 1804] [client 127.0.0.1:59411] PHP Fatal error:  Uncaught mysqli_sql_exception: Duplicate entry 'marco' for key 'Username' in D:\\Xampp\\htdocs\\InsertarUsuario.php:23\nStack trace:\n#0 D:\\Xampp\\htdocs\\InsertarUsuario.php(23): mysqli_stmt->execute()\n#1 {main}\n  thrown in D:\\Xampp\\htdocs\\InsertarUsuario.php on line 23
[Tue Jun 18 19:00:19.176170 2024] [php:error] [pid 27076:tid 1804] [client 127.0.0.1:59571] PHP Fatal error:  Uncaught mysqli_sql_exception: Duplicate entry 'raz' for key 'Username' in D:\\Xampp\\htdocs\\InsertarUsuario.php:23\nStack trace:\n#0 D:\\Xampp\\htdocs\\InsertarUsuario.php(23): mysqli_stmt->execute()\n#1 {main}\n  thrown in D:\\Xampp\\htdocs\\InsertarUsuario.php on line 23
[Thu Jul 04 18:07:14.288458 2024] [ssl:warn] [pid 28628:tid 424] AH01909: www.example.com:443:0 server certificate does NOT include an ID which matches the server name
[Thu Jul 04 18:07:14.309406 2024] [core:warn] [pid 28628:tid 424] AH00098: pid file D:/Xampp/apache/logs/httpd.pid overwritten -- Unclean shutdown of previous Apache run?
[Thu Jul 04 18:07:14.311398 2024] [ssl:warn] [pid 28628:tid 424] AH01909: www.example.com:443:0 server certificate does NOT include an ID which matches the server name
[Thu Jul 04 18:07:14.586495 2024] [mpm_winnt:notice] [pid 28628:tid 424] AH00455: Apache/2.4.58 (Win64) OpenSSL/3.1.3 PHP/8.2.12 configured -- resuming normal operations
[Thu Jul 04 18:07:14.586495 2024] [mpm_winnt:notice] [pid 28628:tid 424] AH00456: Apache Lounge VS17 Server built: Oct 18 2023 13:03:18
[Thu Jul 04 18:07:14.586495 2024] [core:notice] [pid 28628:tid 424] AH00094: Command line: 'd:\\xampp\\apache\\bin\\httpd.exe -d D:/Xampp/apache'
[Thu Jul 04 18:07:14.588489 2024] [mpm_winnt:notice] [pid 28628:tid 424] AH00418: Parent: Created child process 18524
[Thu Jul 04 18:07:14.817892 2024] [ssl:warn] [pid 18524:tid 432] AH01909: www.example.com:443:0 server certificate does NOT include an ID which matches the server name
[Thu Jul 04 18:07:14.838347 2024] [ssl:warn] [pid 18524:tid 432] AH01909: www.example.com:443:0 server certificate does NOT include an ID which matches the server name
[Thu Jul 04 18:07:14.863283 2024] [mpm_winnt:notice] [pid 18524:tid 432] AH00354: Child: Starting 150 worker threads.
[Thu Jul 04 21:24:48.575872 2024] [php:warn] [pid 18524:tid 1840] [client ::1:63919] PHP Warning:  Trying to access array offset on value of type null in D:\\Xampp\\htdocs\\MemoryGame.php on line 6
[Thu Jul 04 21:24:48.576868 2024] [php:warn] [pid 18524:tid 1840] [client ::1:63919] PHP Warning:  Trying to access array offset on value of type null in D:\\Xampp\\htdocs\\MemoryGame.php on line 7
[Thu Jul 04 21:24:48.576868 2024] [php:error] [pid 18524:tid 1840] [client ::1:63919] PHP Fatal error:  Uncaught mysqli_sql_exception: You have an error in your SQL syntax; check the manual that corresponds to your MariaDB server version for the right syntax to use near ')' at line 1 in D:\\Xampp\\htdocs\\MemoryGame.php:11\nStack trace:\n#0 D:\\Xampp\\htdocs\\MemoryGame.php(11): mysqli->query('CALL AddMemoryG...')\n#1 {main}\n  thrown in D:\\Xampp\\htdocs\\MemoryGame.php on line 11
[Thu Jul 04 21:43:45.154320 2024] [php:error] [pid 18524:tid 1860] [client ::1:64844] PHP Fatal error:  Uncaught Error: Call to a member function fetch_assoc() on bool in D:\\Xampp\\htdocs\\MemoryGame.php:21\nStack trace:\n#0 {main}\n  thrown in D:\\Xampp\\htdocs\\MemoryGame.php on line 21
[Thu Jul 04 21:47:08.068508 2024] [php:warn] [pid 18524:tid 1856] [client ::1:65024] PHP Warning:  Trying to access array offset on value of type null in D:\\Xampp\\htdocs\\MemoryGame.php on line 8
[Thu Jul 04 21:47:08.068508 2024] [php:warn] [pid 18524:tid 1856] [client ::1:65024] PHP Warning:  Trying to access array offset on value of type null in D:\\Xampp\\htdocs\\MemoryGame.php on line 9
[Thu Jul 04 21:47:08.068508 2024] [php:error] [pid 18524:tid 1856] [client ::1:65024] PHP Fatal error:  Uncaught mysqli_sql_exception: You have an error in your SQL syntax; check the manual that corresponds to your MariaDB server version for the right syntax to use near ')' at line 1 in D:\\Xampp\\htdocs\\MemoryGame.php:13\nStack trace:\n#0 D:\\Xampp\\htdocs\\MemoryGame.php(13): mysqli->query('CALL AddMemoryG...')\n#1 {main}\n  thrown in D:\\Xampp\\htdocs\\MemoryGame.php on line 13
[Thu Jul 04 22:50:09.170074 2024] [php:warn] [pid 18524:tid 1828] [client ::1:51647] PHP Warning:  Trying to access array offset on value of type null in D:\\Xampp\\htdocs\\submit_shootertopdown_score.php on line 8
[Thu Jul 04 22:50:09.170074 2024] [php:warn] [pid 18524:tid 1828] [client ::1:51647] PHP Warning:  Trying to access array offset on value of type null in D:\\Xampp\\htdocs\\submit_shootertopdown_score.php on line 9
[Thu Jul 04 22:50:09.170074 2024] [php:warn] [pid 18524:tid 1828] [client ::1:51647] PHP Warning:  Trying to access array offset on value of type null in D:\\Xampp\\htdocs\\submit_shootertopdown_score.php on line 10
[Thu Jul 04 22:50:09.171062 2024] [php:error] [pid 18524:tid 1828] [client ::1:51647] PHP Fatal error:  Uncaught mysqli_sql_exception: You have an error in your SQL syntax; check the manual that corresponds to your MariaDB server version for the right syntax to use near ' )' at line 1 in D:\\Xampp\\htdocs\\submit_shootertopdown_score.php:14\nStack trace:\n#0 D:\\Xampp\\htdocs\\submit_shootertopdown_score.php(14): mysqli->query('CALL AddScoreGa...')\n#1 {main}\n  thrown in D:\\Xampp\\htdocs\\submit_shootertopdown_score.php on line 14
[Thu Jul 04 23:47:16.678345 2024] [php:error] [pid 18524:tid 1844] [client ::1:54636] script 'D:/Xampp/htdocs/SubmitScoreShooter.php' not found or unable to stat
[Thu Jul 04 23:47:35.593808 2024] [php:warn] [pid 18524:tid 1828] [client ::1:54637] PHP Warning:  Trying to access array offset on value of type null in D:\\Xampp\\htdocs\\submit_shooter_score.php on line 9
[Thu Jul 04 23:47:35.593808 2024] [php:warn] [pid 18524:tid 1828] [client ::1:54637] PHP Warning:  Trying to access array offset on value of type null in D:\\Xampp\\htdocs\\submit_shooter_score.php on line 10
[Thu Jul 04 23:47:35.593808 2024] [php:error] [pid 18524:tid 1828] [client ::1:54637] PHP Fatal error:  Uncaught mysqli_sql_exception: You have an error in your SQL syntax; check the manual that corresponds to your MariaDB server version for the right syntax to use near ')' at line 1 in D:\\Xampp\\htdocs\\submit_shooter_score.php:14\nStack trace:\n#0 D:\\Xampp\\htdocs\\submit_shooter_score.php(14): mysqli->query('CALL AddScoreGa...')\n#1 {main}\n  thrown in D:\\Xampp\\htdocs\\submit_shooter_score.php on line 14
[Fri Jul 05 01:29:29.330557 2024] [php:warn] [pid 18524:tid 1844] [client ::1:50254] PHP Warning:  Trying to access array offset on value of type null in D:\\Xampp\\htdocs\\submit_shootertopdown_score.php on line 8, referer: http://localhost:5173/
[Fri Jul 05 01:29:29.330557 2024] [php:warn] [pid 18524:tid 1844] [client ::1:50254] PHP Warning:  Trying to access array offset on value of type null in D:\\Xampp\\htdocs\\submit_shootertopdown_score.php on line 9, referer: http://localhost:5173/
[Fri Jul 05 01:29:29.330557 2024] [php:warn] [pid 18524:tid 1844] [client ::1:50254] PHP Warning:  Trying to access array offset on value of type null in D:\\Xampp\\htdocs\\submit_shootertopdown_score.php on line 10, referer: http://localhost:5173/
[Fri Jul 05 01:29:29.330557 2024] [php:error] [pid 18524:tid 1844] [client ::1:50254] PHP Fatal error:  Uncaught mysqli_sql_exception: You have an error in your SQL syntax; check the manual that corresponds to your MariaDB server version for the right syntax to use near ' )' at line 1 in D:\\Xampp\\htdocs\\submit_shootertopdown_score.php:14\nStack trace:\n#0 D:\\Xampp\\htdocs\\submit_shootertopdown_score.php(14): mysqli->query('CALL AddScoreGa...')\n#1 {main}\n  thrown in D:\\Xampp\\htdocs\\submit_shootertopdown_score.php on line 14, referer: http://localhost:5173/
[Fri Jul 05 01:29:30.346593 2024] [php:warn] [pid 18524:tid 1844] [client ::1:50254] PHP Warning:  Trying to access array offset on value of type null in D:\\Xampp\\htdocs\\submit_shootertopdown_score.php on line 8, referer: http://localhost:5173/
[Fri Jul 05 01:29:30.346593 2024] [php:warn] [pid 18524:tid 1844] [client ::1:50254] PHP Warning:  Trying to access array offset on value of type null in D:\\Xampp\\htdocs\\submit_shootertopdown_score.php on line 9, referer: http://localhost:5173/
[Fri Jul 05 01:29:30.346593 2024] [php:warn] [pid 18524:tid 1844] [client ::1:50254] PHP Warning:  Trying to access array offset on value of type null in D:\\Xampp\\htdocs\\submit_shootertopdown_score.php on line 10, referer: http://localhost:5173/
[Fri Jul 05 01:29:30.346593 2024] [php:error] [pid 18524:tid 1844] [client ::1:50254] PHP Fatal error:  Uncaught mysqli_sql_exception: You have an error in your SQL syntax; check the manual that corresponds to your MariaDB server version for the right syntax to use near ' )' at line 1 in D:\\Xampp\\htdocs\\submit_shootertopdown_score.php:14\nStack trace:\n#0 D:\\Xampp\\htdocs\\submit_shootertopdown_score.php(14): mysqli->query('CALL AddScoreGa...')\n#1 {main}\n  thrown in D:\\Xampp\\htdocs\\submit_shootertopdown_score.php on line 14, referer: http://localhost:5173/
[Fri Jul 05 01:29:43.710308 2024] [php:warn] [pid 18524:tid 1828] [client ::1:50292] PHP Warning:  Trying to access array offset on value of type null in D:\\Xampp\\htdocs\\submit_shootertopdown_score.php on line 8, referer: http://localhost:5173/
[Fri Jul 05 01:29:43.710308 2024] [php:warn] [pid 18524:tid 1828] [client ::1:50292] PHP Warning:  Trying to access array offset on value of type null in D:\\Xampp\\htdocs\\submit_shootertopdown_score.php on line 9, referer: http://localhost:5173/
[Fri Jul 05 01:29:43.710308 2024] [php:warn] [pid 18524:tid 1828] [client ::1:50292] PHP Warning:  Trying to access array offset on value of type null in D:\\Xampp\\htdocs\\submit_shootertopdown_score.php on line 10, referer: http://localhost:5173/
[Fri Jul 05 01:29:43.710308 2024] [php:error] [pid 18524:tid 1828] [client ::1:50292] PHP Fatal error:  Uncaught mysqli_sql_exception: You have an error in your SQL syntax; check the manual that corresponds to your MariaDB server version for the right syntax to use near ' )' at line 1 in D:\\Xampp\\htdocs\\submit_shootertopdown_score.php:14\nStack trace:\n#0 D:\\Xampp\\htdocs\\submit_shootertopdown_score.php(14): mysqli->query('CALL AddScoreGa...')\n#1 {main}\n  thrown in D:\\Xampp\\htdocs\\submit_shootertopdown_score.php on line 14, referer: http://localhost:5173/
[Fri Jul 05 01:52:20.215930 2024] [php:warn] [pid 18524:tid 1844] [client ::1:51224] PHP Warning:  Trying to access array offset on value of type null in D:\\Xampp\\htdocs\\submit_shooter_score.php on line 9, referer: http://localhost:5173/
[Fri Jul 05 01:52:20.215930 2024] [php:warn] [pid 18524:tid 1844] [client ::1:51224] PHP Warning:  Trying to access array offset on value of type null in D:\\Xampp\\htdocs\\submit_shooter_score.php on line 10, referer: http://localhost:5173/
[Fri Jul 05 01:52:20.215930 2024] [php:error] [pid 18524:tid 1844] [client ::1:51224] PHP Fatal error:  Uncaught mysqli_sql_exception: You have an error in your SQL syntax; check the manual that corresponds to your MariaDB server version for the right syntax to use near ')' at line 1 in D:\\Xampp\\htdocs\\submit_shooter_score.php:14\nStack trace:\n#0 D:\\Xampp\\htdocs\\submit_shooter_score.php(14): mysqli->query('CALL AddScoreGa...')\n#1 {main}\n  thrown in D:\\Xampp\\htdocs\\submit_shooter_score.php on line 14, referer: http://localhost:5173/
[Fri Jul 05 01:52:34.440070 2024] [php:warn] [pid 18524:tid 1844] [client ::1:51257] PHP Warning:  Trying to access array offset on value of type null in D:\\Xampp\\htdocs\\submit_shooter_score.php on line 9, referer: http://localhost:5173/
[Fri Jul 05 01:52:34.440070 2024] [php:warn] [pid 18524:tid 1844] [client ::1:51257] PHP Warning:  Trying to access array offset on value of type null in D:\\Xampp\\htdocs\\submit_shooter_score.php on line 10, referer: http://localhost:5173/
[Fri Jul 05 01:52:34.440070 2024] [php:error] [pid 18524:tid 1844] [client ::1:51257] PHP Fatal error:  Uncaught mysqli_sql_exception: You have an error in your SQL syntax; check the manual that corresponds to your MariaDB server version for the right syntax to use near ')' at line 1 in D:\\Xampp\\htdocs\\submit_shooter_score.php:14\nStack trace:\n#0 D:\\Xampp\\htdocs\\submit_shooter_score.php(14): mysqli->query('CALL AddScoreGa...')\n#1 {main}\n  thrown in D:\\Xampp\\htdocs\\submit_shooter_score.php on line 14, referer: http://localhost:5173/
[Fri Jul 05 01:55:42.865957 2024] [php:warn] [pid 18524:tid 1832] [client ::1:51528] PHP Warning:  Trying to access array offset on value of type null in D:\\Xampp\\htdocs\\submit_shooter_score.php on line 13, referer: http://localhost:5173/
[Fri Jul 05 01:55:42.865957 2024] [php:warn] [pid 18524:tid 1832] [client ::1:51528] PHP Warning:  Trying to access array offset on value of type null in D:\\Xampp\\htdocs\\submit_shooter_score.php on line 14, referer: http://localhost:5173/
[Fri Jul 05 01:55:42.866570 2024] [php:error] [pid 18524:tid 1832] [client ::1:51528] PHP Fatal error:  Uncaught mysqli_sql_exception: You have an error in your SQL syntax; check the manual that corresponds to your MariaDB server version for the right syntax to use near ')' at line 1 in D:\\Xampp\\htdocs\\submit_shooter_score.php:18\nStack trace:\n#0 D:\\Xampp\\htdocs\\submit_shooter_score.php(18): mysqli->query('CALL AddScoreGa...')\n#1 {main}\n  thrown in D:\\Xampp\\htdocs\\submit_shooter_score.php on line 18, referer: http://localhost:5173/
[Fri Jul 05 01:58:34.108366 2024] [php:warn] [pid 18524:tid 1860] [client ::1:51669] PHP Warning:  Trying to access array offset on value of type null in D:\\Xampp\\htdocs\\submit_shootertopdown_score.php on line 12, referer: http://localhost:5173/
[Fri Jul 05 01:58:34.108366 2024] [php:warn] [pid 18524:tid 1860] [client ::1:51669] PHP Warning:  Trying to access array offset on value of type null in D:\\Xampp\\htdocs\\submit_shootertopdown_score.php on line 13, referer: http://localhost:5173/
[Fri Jul 05 01:58:34.108366 2024] [php:warn] [pid 18524:tid 1860] [client ::1:51669] PHP Warning:  Trying to access array offset on value of type null in D:\\Xampp\\htdocs\\submit_shootertopdown_score.php on line 14, referer: http://localhost:5173/
[Fri Jul 05 01:58:34.108366 2024] [php:error] [pid 18524:tid 1860] [client ::1:51669] PHP Fatal error:  Uncaught mysqli_sql_exception: You have an error in your SQL syntax; check the manual that corresponds to your MariaDB server version for the right syntax to use near ' )' at line 1 in D:\\Xampp\\htdocs\\submit_shootertopdown_score.php:18\nStack trace:\n#0 D:\\Xampp\\htdocs\\submit_shootertopdown_score.php(18): mysqli->query('CALL AddScoreGa...')\n#1 {main}\n  thrown in D:\\Xampp\\htdocs\\submit_shootertopdown_score.php on line 18, referer: http://localhost:5173/
[Fri Jul 05 02:08:58.193323 2024] [php:warn] [pid 18524:tid 1828] [client ::1:52271] PHP Warning:  Trying to access array offset on value of type null in D:\\Xampp\\htdocs\\submit_shootertopdown_score.php on line 12, referer: http://localhost:5173/
[Fri Jul 05 02:08:58.193323 2024] [php:warn] [pid 18524:tid 1828] [client ::1:52271] PHP Warning:  Trying to access array offset on value of type null in D:\\Xampp\\htdocs\\submit_shootertopdown_score.php on line 13, referer: http://localhost:5173/
[Fri Jul 05 02:08:58.193323 2024] [php:warn] [pid 18524:tid 1828] [client ::1:52271] PHP Warning:  Trying to access array offset on value of type null in D:\\Xampp\\htdocs\\submit_shootertopdown_score.php on line 14, referer: http://localhost:5173/
[Fri Jul 05 02:08:58.194320 2024] [php:error] [pid 18524:tid 1828] [client ::1:52271] PHP Fatal error:  Uncaught mysqli_sql_exception: You have an error in your SQL syntax; check the manual that corresponds to your MariaDB server version for the right syntax to use near ' )' at line 1 in D:\\Xampp\\htdocs\\submit_shootertopdown_score.php:18\nStack trace:\n#0 D:\\Xampp\\htdocs\\submit_shootertopdown_score.php(18): mysqli->query('CALL AddScoreGa...')\n#1 {main}\n  thrown in D:\\Xampp\\htdocs\\submit_shootertopdown_score.php on line 18, referer: http://localhost:5173/
[Fri Jul 05 02:09:43.929791 2024] [php:warn] [pid 18524:tid 1856] [client ::1:52390] PHP Warning:  Trying to access array offset on value of type null in D:\\Xampp\\htdocs\\submit_shootertopdown_score.php on line 12, referer: http://localhost:5173/
[Fri Jul 05 02:09:43.929791 2024] [php:warn] [pid 18524:tid 1856] [client ::1:52390] PHP Warning:  Trying to access array offset on value of type null in D:\\Xampp\\htdocs\\submit_shootertopdown_score.php on line 13, referer: http://localhost:5173/
[Fri Jul 05 02:09:43.929791 2024] [php:warn] [pid 18524:tid 1856] [client ::1:52390] PHP Warning:  Trying to access array offset on value of type null in D:\\Xampp\\htdocs\\submit_shootertopdown_score.php on line 14, referer: http://localhost:5173/
[Fri Jul 05 02:09:43.929791 2024] [php:error] [pid 18524:tid 1856] [client ::1:52390] PHP Fatal error:  Uncaught mysqli_sql_exception: You have an error in your SQL syntax; check the manual that corresponds to your MariaDB server version for the right syntax to use near ' )' at line 1 in D:\\Xampp\\htdocs\\submit_shootertopdown_score.php:18\nStack trace:\n#0 D:\\Xampp\\htdocs\\submit_shootertopdown_score.php(18): mysqli->query('CALL AddScoreGa...')\n#1 {main}\n  thrown in D:\\Xampp\\htdocs\\submit_shootertopdown_score.php on line 18, referer: http://localhost:5173/
[Fri Jul 05 02:14:20.507098 2024] [php:warn] [pid 18524:tid 1832] [client ::1:52581] PHP Warning:  Trying to access array offset on value of type null in D:\\Xampp\\htdocs\\submit_shootertopdown_score.php on line 12, referer: http://localhost:5173/
[Fri Jul 05 02:14:20.507098 2024] [php:warn] [pid 18524:tid 1832] [client ::1:52581] PHP Warning:  Trying to access array offset on value of type null in D:\\Xampp\\htdocs\\submit_shootertopdown_score.php on line 13, referer: http://localhost:5173/
[Fri Jul 05 02:14:20.507098 2024] [php:warn] [pid 18524:tid 1832] [client ::1:52581] PHP Warning:  Trying to access array offset on value of type null in D:\\Xampp\\htdocs\\submit_shootertopdown_score.php on line 14, referer: http://localhost:5173/
[Fri Jul 05 02:14:20.508100 2024] [php:error] [pid 18524:tid 1832] [client ::1:52581] PHP Fatal error:  Uncaught mysqli_sql_exception: You have an error in your SQL syntax; check the manual that corresponds to your MariaDB server version for the right syntax to use near ' )' at line 1 in D:\\Xampp\\htdocs\\submit_shootertopdown_score.php:18\nStack trace:\n#0 D:\\Xampp\\htdocs\\submit_shootertopdown_score.php(18): mysqli->query('CALL AddScoreGa...')\n#1 {main}\n  thrown in D:\\Xampp\\htdocs\\submit_shootertopdown_score.php on line 18, referer: http://localhost:5173/
[Fri Jul 05 02:23:02.276797 2024] [php:warn] [pid 18524:tid 1856] [client ::1:52995] PHP Warning:  Trying to access array offset on value of type null in D:\\Xampp\\htdocs\\submit_shootertopdown_score.php on line 12, referer: http://localhost:5173/
[Fri Jul 05 02:23:02.276797 2024] [php:warn] [pid 18524:tid 1856] [client ::1:52995] PHP Warning:  Trying to access array offset on value of type null in D:\\Xampp\\htdocs\\submit_shootertopdown_score.php on line 13, referer: http://localhost:5173/
[Fri Jul 05 02:23:02.276797 2024] [php:warn] [pid 18524:tid 1856] [client ::1:52995] PHP Warning:  Trying to access array offset on value of type null in D:\\Xampp\\htdocs\\submit_shootertopdown_score.php on line 14, referer: http://localhost:5173/
[Fri Jul 05 02:23:02.277797 2024] [php:error] [pid 18524:tid 1856] [client ::1:52995] PHP Fatal error:  Uncaught mysqli_sql_exception: You have an error in your SQL syntax; check the manual that corresponds to your MariaDB server version for the right syntax to use near ' )' at line 1 in D:\\Xampp\\htdocs\\submit_shootertopdown_score.php:18\nStack trace:\n#0 D:\\Xampp\\htdocs\\submit_shootertopdown_score.php(18): mysqli->query('CALL AddScoreGa...')\n#1 {main}\n  thrown in D:\\Xampp\\htdocs\\submit_shootertopdown_score.php on line 18, referer: http://localhost:5173/
[Fri Jul 05 02:23:55.277583 2024] [php:warn] [pid 18524:tid 1832] [client ::1:53036] PHP Warning:  Trying to access array offset on value of type null in D:\\Xampp\\htdocs\\submit_shootertopdown_score.php on line 12, referer: http://localhost:5173/
[Fri Jul 05 02:23:55.277583 2024] [php:warn] [pid 18524:tid 1832] [client ::1:53036] PHP Warning:  Trying to access array offset on value of type null in D:\\Xampp\\htdocs\\submit_shootertopdown_score.php on line 13, referer: http://localhost:5173/
[Fri Jul 05 02:23:55.277583 2024] [php:warn] [pid 18524:tid 1832] [client ::1:53036] PHP Warning:  Trying to access array offset on value of type null in D:\\Xampp\\htdocs\\submit_shootertopdown_score.php on line 14, referer: http://localhost:5173/
[Fri Jul 05 02:23:55.277583 2024] [php:error] [pid 18524:tid 1832] [client ::1:53036] PHP Fatal error:  Uncaught mysqli_sql_exception: You have an error in your SQL syntax; check the manual that corresponds to your MariaDB server version for the right syntax to use near ' )' at line 1 in D:\\Xampp\\htdocs\\submit_shootertopdown_score.php:18\nStack trace:\n#0 D:\\Xampp\\htdocs\\submit_shootertopdown_score.php(18): mysqli->query('CALL AddScoreGa...')\n#1 {main}\n  thrown in D:\\Xampp\\htdocs\\submit_shootertopdown_score.php on line 18, referer: http://localhost:5173/
